# JRE version: Java(TM) SE Runtime Environment (22.0.1+8) (build 22.0.1+8-16)
# Java VM: Java HotSpot(TM) 64-Bit Server VM (22.0.1+8-16, mixed mode, sharing, tiered, compressed oops, compressed class ptrs, g1 gc, windows-amd64)
GC Precious Log:
 CardTable entry size: 512
 Card Set container configuration: InlinePtr #cards 4 size 8 Array Of Cards #cards 16 size 48 Howl #buckets 8 coarsen threshold 3686 Howl Bitmap #cards 512 size 80 coarsen threshold 460 Card regions per heap region 1 cards per card region 4096
 CPUs: 4 total, 4 available
 Memory: 10133M
 Large Page Support: Disabled
 NUMA Support: Disabled
 Compressed Oops: Enabled (Zero based)
 Heap Region Size: 2M
 Heap Min Capacity: 8M
 Heap Initial Capacity: 160M
 Heap Max Capacity: 2534M
 Pre-touch: Disabled
 Parallel Workers: 4
 Concurrent Workers: 1
 Concurrent Refinement Workers: 4
 Periodic GC: Disabled
Heap:
 garbage-first heap   total reserved 2594816K, committed 55296K, used 25705K [0x0000000761a00000, 0x0000000800000000)
  region size 2048K, 5 young (10240K), 2 survivors (4096K)
 Metaspace       used 43179K, committed 43712K, reserved 1114112K
  class space    used 5754K, committed 6016K, reserved 1048576K
GC Heap History (16 events):
Event: 7.431 GC heap before
{Heap before GC invocations=0 (full 0):
 garbage-first heap   total reserved 2594816K, committed 163840K, used 12288K [0x0000000761a00000, 0x0000000800000000)
  region size 2048K, 7 young (14336K), 0 survivors (0K)
 Metaspace       used 3514K, committed 3648K, reserved 1114112K
  class space    used 334K, committed 384K, reserved 1048576K
}
Event: 7.474 GC heap after
{Heap after GC invocations=1 (full 0):
 garbage-first heap   total reserved 2594816K, committed 163840K, used 6485K [0x0000000761a00000, 0x0000000800000000)
  region size 2048K, 1 young (2048K), 1 survivors (2048K)
 Metaspace       used 3514K, committed 3648K, reserved 1114112K
  class space    used 334K, committed 384K, reserved 1048576K
}
Event: 8.571 GC heap before
{Heap before GC invocations=1 (full 0):
 garbage-first heap   total reserved 2594816K, committed 163840K, used 16725K [0x0000000761a00000, 0x0000000800000000)
  region size 2048K, 6 young (12288K), 1 survivors (2048K)
 Metaspace       used 6864K, committed 7040K, reserved 1114112K
  class space    used 790K, committed 896K, reserved 1048576K
}
Event: 8.578 GC heap after
{Heap after GC invocations=2 (full 0):
 garbage-first heap   total reserved 2594816K, committed 163840K, used 7745K [0x0000000761a00000, 0x0000000800000000)
  region size 2048K, 1 young (2048K), 1 survivors (2048K)
 Metaspace       used 6864K, committed 7040K, reserved 1114112K
  class space    used 790K, committed 896K, reserved 1048576K
}
Event: 11.019 GC heap before
{Heap before GC invocations=2 (full 0):
 garbage-first heap   total reserved 2594816K, committed 163840K, used 34369K [0x0000000761a00000, 0x0000000800000000)
  region size 2048K, 15 young (30720K), 1 survivors (2048K)
 Metaspace       used 15587K, committed 15872K, reserved 1114112K
  class space    used 1856K, committed 1984K, reserved 1048576K
}
Event: 11.029 GC heap after
{Heap after GC invocations=3 (full 0):
 garbage-first heap   total reserved 2594816K, committed 163840K, used 10402K [0x0000000761a00000, 0x0000000800000000)
  region size 2048K, 2 young (4096K), 2 survivors (4096K)
 Metaspace       used 15587K, committed 15872K, reserved 1114112K
  class space    used 1856K, committed 1984K, reserved 1048576K
}
Event: 14.154 GC heap before
{Heap before GC invocations=3 (full 0):
 garbage-first heap   total reserved 2594816K, committed 163840K, used 43170K [0x0000000761a00000, 0x0000000800000000)
  region size 2048K, 19 young (38912K), 2 survivors (4096K)
 Metaspace       used 21159K, committed 21504K, reserved 1114112K
  class space    used 2585K, committed 2752K, reserved 1048576K
}
Event: 14.173 GC heap after
{Heap after GC invocations=4 (full 0):
 garbage-first heap   total reserved 2594816K, committed 163840K, used 13604K [0x0000000761a00000, 0x0000000800000000)
  region size 2048K, 4 young (8192K), 4 survivors (8192K)
 Metaspace       used 21159K, committed 21504K, reserved 1114112K
  class space    used 2585K, committed 2752K, reserved 1048576K
}
Event: 16.839 GC heap before
{Heap before GC invocations=5 (full 0):
 garbage-first heap   total reserved 2594816K, committed 55296K, used 38180K [0x0000000761a00000, 0x0000000800000000)
  region size 2048K, 16 young (32768K), 4 survivors (8192K)
 Metaspace       used 25089K, committed 25536K, reserved 1114112K
  class space    used 3128K, committed 3328K, reserved 1048576K
}
Event: 16.874 GC heap after
{Heap after GC invocations=6 (full 0):
 garbage-first heap   total reserved 2594816K, committed 55296K, used 15449K [0x0000000761a00000, 0x0000000800000000)
  region size 2048K, 2 young (4096K), 2 survivors (4096K)
 Metaspace       used 25089K, committed 25536K, reserved 1114112K
  class space    used 3128K, committed 3328K, reserved 1048576K
}
Event: 21.081 GC heap before
{Heap before GC invocations=6 (full 0):
 garbage-first heap   total reserved 2594816K, committed 55296K, used 40025K [0x0000000761a00000, 0x0000000800000000)
  region size 2048K, 14 young (28672K), 2 survivors (4096K)
 Metaspace       used 30468K, committed 31040K, reserved 1114112K
  class space    used 3886K, committed 4160K, reserved 1048576K
}
Event: 21.091 GC heap after
{Heap after GC invocations=7 (full 0):
 garbage-first heap   total reserved 2594816K, committed 55296K, used 17620K [0x0000000761a00000, 0x0000000800000000)
  region size 2048K, 2 young (4096K), 2 survivors (4096K)
 Metaspace       used 30468K, committed 31040K, reserved 1114112K
  class space    used 3886K, committed 4160K, reserved 1048576K
}
Event: 22.634 GC heap before
{Heap before GC invocations=7 (full 0):
 garbage-first heap   total reserved 2594816K, committed 55296K, used 36052K [0x0000000761a00000, 0x0000000800000000)
  region size 2048K, 12 young (24576K), 2 survivors (4096K)
 Metaspace       used 35419K, committed 35968K, reserved 1114112K
  class space    used 4604K, committed 4864K, reserved 1048576K
}
Event: 22.646 GC heap after
{Heap after GC invocations=8 (full 0):
 garbage-first heap   total reserved 2594816K, committed 55296K, used 19435K [0x0000000761a00000, 0x0000000800000000)
  region size 2048K, 1 young (2048K), 1 survivors (2048K)
 Metaspace       used 35419K, committed 35968K, reserved 1114112K
  class space    used 4604K, committed 4864K, reserved 1048576K
}
Event: 24.789 GC heap before
{Heap before GC invocations=9 (full 0):
 garbage-first heap   total reserved 2594816K, committed 55296K, used 44011K [0x0000000761a00000, 0x0000000800000000)
  region size 2048K, 13 young (26624K), 1 survivors (2048K)
 Metaspace       used 42037K, committed 42624K, reserved 1114112K
  class space    used 5600K, committed 5888K, reserved 1048576K
}
Event: 24.799 GC heap after
{Heap after GC invocations=10 (full 0):
 garbage-first heap   total reserved 2594816K, committed 55296K, used 21609K [0x0000000761a00000, 0x0000000800000000)
  region size 2048K, 2 young (4096K), 2 survivors (4096K)
 Metaspace       used 42037K, committed 42624K, reserved 1114112K
  class space    used 5600K, committed 5888K, reserved 1048576K
}

